生成启动时间为 2017/3/24 22:25:45。
     1>项目“C:\Users\炯\Desktop\TabControl\TabControl\TabControl.vcxproj”在节点 2 上(Build 个目标)。
     1>ClCompile:
         C:\Program Files (x86)\Microsoft Visual Studio 12.0\VC\bin\CL.exe /c /ZI /nologo /W3 /WX- /sdl /Od /Oy- /D WIN32 /D _WINDOWS /D _DEBUG /D _UNICODE /D UNICODE /D _AFXDLL /Gm /EHsc /RTC1 /MDd /GS /fp:precise /Zc:wchar_t /Zc:forScope /Yu"stdafx.h" /Fp"Debug\TabControl.pch" /Fo"Debug\\" /Fd"Debug\vc120.pdb" /Gd /TP /analyze- /errorReport:prompt Child11.cpp TabControlDlg.cpp
         TabControlDlg.cpp
         Child11.cpp
         正在生成代码...
       ResourceCompile:
         C:\Program Files (x86)\Windows Kits\8.1\bin\x86\rc.exe /D _DEBUG /D _UNICODE /D UNICODE /D _AFXDLL /l"0x0804" /IDebug\ /nologo /fo"Debug\TabControl.res" TabControl.rc 
       Link:
         C:\Program Files (x86)\Microsoft Visual Studio 12.0\VC\bin\link.exe /ERRORREPORT:PROMPT /OUT:"C:\Users\炯\Desktop\TabControl\Debug\TabControl.exe" /INCREMENTAL /NOLOGO /MANIFEST /MANIFESTUAC:"level='asInvoker' uiAccess='false'" /manifest:embed /manifestinput:"C:\Program Files (x86)\Microsoft Visual Studio 12.0\VC\Include\Manifest\dpiaware.manifest" /DEBUG /PDB:"C:\Users\炯\Desktop\TabControl\Debug\TabControl.pdb" /SUBSYSTEM:WINDOWS /TLBID:1 /ENTRY:"wWinMainCRTStartup" /DYNAMICBASE /NXCOMPAT /IMPLIB:"C:\Users\炯\Desktop\TabControl\Debug\TabControl.lib" /MACHINE:X86 Debug\TabControl.res
         Debug\Child11.obj
         Debug\Child12.obj
         Debug\Child21.obj
         Debug\Child22.obj
         Debug\stdafx.obj
         Debug\TabControl.obj
         Debug\TabControlDlg.obj
         TabControl.vcxproj -> C:\Users\炯\Desktop\TabControl\Debug\TabControl.exe
     1>已完成生成项目“C:\Users\炯\Desktop\TabControl\TabControl\TabControl.vcxproj”(Build 个目标)的操作。

生成成功。

已用时间 00:00:04.39
